c:\users\pc\documents\visual studio 2013\projects\qneuro\qneuro\debug\vc120.pdb
c:\users\pc\documents\visual studio 2013\projects\qneuro\qneuro\debug\qtdirobserver.obj
c:\users\pc\documents\visual studio 2013\projects\qneuro\qneuro\debug\qglutthread.obj
c:\users\pc\documents\visual studio 2013\projects\qneuro\qneuro\debug\originaldata.obj
c:\users\pc\documents\visual studio 2013\projects\qneuro\qneuro\debug\obj_main.obj
c:\users\pc\documents\visual studio 2013\projects\qneuro\qneuro\debug\obj.obj
c:\users\pc\documents\visual studio 2013\projects\qneuro\qneuro\debug\main.obj
c:\users\pc\documents\visual studio 2013\projects\qneuro\qneuro\debug\init.obj
c:\users\pc\documents\visual studio 2013\projects\qneuro\qneuro\debug\glwidget.obj
c:\users\pc\documents\visual studio 2013\projects\qneuro\qneuro\debug\moc_qglutthread.obj
c:\users\pc\documents\visual studio 2013\projects\qneuro\qneuro\debug\moc_glwidget.obj
c:\users\pc\documents\visual studio 2013\projects\qneuro\qneuro\debug\moc_dataadapter.obj
c:\users\pc\documents\visual studio 2013\projects\qneuro\qneuro\debug\dataadapter.obj
c:\users\pc\documents\visual studio 2013\projects\qneuro\qneuro\debug\qbatexec.obj
c:\users\pc\documents\visual studio 2013\projects\qneuro\qneuro\debug\qrc_glwidget.obj
c:\users\pc\documents\visual studio 2013\projects\qneuro\qneuro\debug\qmainpanel.obj
c:\users\pc\documents\visual studio 2013\projects\qneuro\qneuro\debug\aqwidgetframeless.obj
c:\users\pc\documents\visual studio 2013\projects\qneuro\qneuro\debug\moc_qmainpanel.obj
c:\users\pc\documents\visual studio 2013\projects\qneuro\qneuro\generatedfiles\debug\moc_glwidget.cpp
c:\users\pc\documents\visual studio 2013\projects\qneuro\qneuro\generatedfiles\ui_glwidget.h
c:\users\pc\documents\visual studio 2013\projects\qneuro\qneuro\generatedfiles\debug\moc_dataadapter.cpp
c:\users\pc\documents\visual studio 2013\projects\qneuro\qneuro\generatedfiles\qrc_glwidget.cpp
c:\users\pc\documents\visual studio 2013\projects\qneuro\qneuro\generatedfiles\debug\moc_qglutthread.cpp
c:\users\pc\documents\visual studio 2013\projects\qneuro\win32\debug\qneuro.ilk
c:\users\pc\documents\visual studio 2013\projects\qneuro\win32\debug\qneuro.exe
c:\users\pc\documents\visual studio 2013\projects\qneuro\win32\debug\qneuro.pdb
c:\users\pc\documents\visual studio 2013\projects\qneuro\qneuro\debug\qneuro.tlog\cl.command.1.tlog
c:\users\pc\documents\visual studio 2013\projects\qneuro\qneuro\debug\qneuro.tlog\cl.read.1.tlog
c:\users\pc\documents\visual studio 2013\projects\qneuro\qneuro\debug\qneuro.tlog\cl.write.1.tlog
c:\users\pc\documents\visual studio 2013\projects\qneuro\qneuro\debug\qneuro.tlog\custombuild.command.1.tlog
c:\users\pc\documents\visual studio 2013\projects\qneuro\qneuro\debug\qneuro.tlog\custombuild.read.1.tlog
c:\users\pc\documents\visual studio 2013\projects\qneuro\qneuro\debug\qneuro.tlog\custombuild.write.1.tlog
c:\users\pc\documents\visual studio 2013\projects\qneuro\qneuro\debug\qneuro.tlog\link.command.1.tlog
c:\users\pc\documents\visual studio 2013\projects\qneuro\qneuro\debug\qneuro.tlog\link.read.1.tlog
c:\users\pc\documents\visual studio 2013\projects\qneuro\qneuro\debug\qneuro.tlog\link.write.1.tlog
